1710458346555:help
1710458351936:all
1710458366502:clear
1710458371685:version
1710458429859:stacktrace
1710458434940:version
1710458437485:all
1710458447896:help
1710458475844:recent
1710458485208:stacktrace
1710459109068:quit
1710459179911:all
1710459193635:stacktrace
1710459333375:version
1710459341268:history
1710459348825:clear
1710460639261:filter-by-year
1710460647658:stacktrace
1710460971912:all
1710460985329:filter-by-year
1710461109112:help
1710461112554:version
1710461114272:all
1710461139886:filter-by-year
1710461174484:clear
1710461178386:all
1710461183633:filter-by-year
1710461192691:recent
1710461195941:report
1710461200522:quit
1710461235450:all
1710461240668:filter-by-year
